This file contains any messages produced by compilers while
running configure, to aid debugging if configure makes a mistake.

It was created by softsusy configure 4.1.4, which was
generated by GNU Autoconf 2.69.  Invocation command line was

  $ ./configure --enable-two-loop-gauge-yukawa-compilation

## --------- ##
## Platform. ##
## --------- ##

hostname = NeiliMac.local
uname -m = x86_64
uname -r = 18.6.0
uname -s = Darwin
uname -v = Darwin Kernel Version 18.6.0: Thu Apr 25 23:16:27 PDT 2019; root:xnu-4903.261.4~2/RELEASE_X86_64

/usr/bin/uname -p = i386
/bin/uname -X     = unknown

/bin/arch              = unknown
/usr/bin/arch -k       = unknown
/usr/convex/getsysinfo = unknown
/usr/bin/hostinfo      = Mach kernel version:
	 Darwin Kernel Version 18.6.0: Thu Apr 25 23:16:27 PDT 2019; root:xnu-4903.261.4~2/RELEASE_X86_64
Kernel configured for up to 4 processors.
4 processors are physically available.
4 processors are logically available.
Processor type: x86_64h (Intel x86-64h Haswell)
Processors active: 0 1 2 3
Primary memory available: 16.00 gigabytes
Default processor set: 415 tasks, 1872 threads, 4 processors
Load average: 5.35, Mach factor: 0.55
/bin/machine           = unknown
/usr/bin/oslevel       = unknown
/bin/universe          = unknown

PATH: /Library/Frameworks/Python.framework/Versions/3.6/bin
PATH: /Library/Frameworks/Python.framework/Versions/3.7/bin
PATH: /usr/local/bin
PATH: /usr/bin
PATH: /bin
PATH: /usr/sbin
PATH: /sbin
PATH: /Applications/VMware Fusion.app/Contents/Public
PATH: /Users/glyph/bin


## ----------- ##
## Core tests. ##
## ----------- ##

configure:2540: checking for a BSD-compatible install
configure:2608: result: /usr/bin/install -c
configure:2619: checking whether build environment is sane
configure:2674: result: yes
configure:2825: checking for a thread-safe mkdir -p
configure:2864: result: Config/install-sh -c -d
configure:2871: checking for gawk
configure:2901: result: no
configure:2871: checking for mawk
configure:2901: result: no
configure:2871: checking for nawk
configure:2901: result: no
configure:2871: checking for awk
configure:2887: found /usr/bin/awk
configure:2898: result: awk
configure:2909: checking whether make sets $(MAKE)
configure:2931: result: yes
configure:2960: checking whether make supports nested variables
configure:2977: result: yes
configure:3161: checking for g++
configure:3177: found /usr/bin/g++
configure:3188: result: g++
configure:3215: checking for C++ compiler version
configure:3224: g++ --version >&5
Apple LLVM version 10.0.1 (clang-1001.0.46.4)
Target: x86_64-apple-darwin18.6.0
Thread model: posix
InstalledDir: /Library/Developer/CommandLineTools/usr/bin
Configured with: --prefix=/Library/Developer/CommandLineTools/usr --with-gxx-include-dir=/Library/Developer/CommandLineTools/SDKs/MacOSX10.14.sdk/usr/include/c++/4.2.1
configure:3235: $? = 0
configure:3224: g++ -v >&5
Configured with: --prefix=/Library/Developer/CommandLineTools/usr --with-gxx-include-dir=/Library/Developer/CommandLineTools/SDKs/MacOSX10.14.sdk/usr/include/c++/4.2.1
Apple LLVM version 10.0.1 (clang-1001.0.46.4)
Target: x86_64-apple-darwin18.6.0
Thread model: posix
InstalledDir: /Library/Developer/CommandLineTools/usr/bin
configure:3235: $? = 0
configure:3224: g++ -V >&5
clang: error: unsupported option '-V -Wno-atomic-implicit-seq-cst'
clang: error: no input files
configure:3235: $? = 1
configure:3224: g++ -qversion >&5
clang: error: unknown argument '-qversion', did you mean '--version'?
clang: error: no input files
configure:3235: $? = 1
configure:3255: checking whether the C++ compiler works
configure:3277: g++ -O2 -Wall -std=c++11   conftest.cpp  >&5
configure:3281: $? = 0
configure:3329: result: yes
configure:3332: checking for C++ compiler default output file name
configure:3334: result: a.out
configure:3340: checking for suffix of executables
configure:3347: g++ -o conftest -O2 -Wall -std=c++11   conftest.cpp  >&5
configure:3351: $? = 0
configure:3373: result: 
configure:3395: checking whether we are cross compiling
configure:3403: g++ -o conftest -O2 -Wall -std=c++11   conftest.cpp  >&5
configure:3407: $? = 0
configure:3414: ./conftest
configure:3418: $? = 0
configure:3433: result: no
configure:3438: checking for suffix of object files
configure:3460: g++ -c -O2 -Wall -std=c++11  conftest.cpp >&5
configure:3464: $? = 0
configure:3485: result: o
configure:3489: checking whether we are using the GNU C++ compiler
configure:3508: g++ -c -O2 -Wall -std=c++11  conftest.cpp >&5
configure:3508: $? = 0
configure:3517: result: yes
configure:3526: checking whether g++ accepts -g
configure:3546: g++ -c -g  conftest.cpp >&5
configure:3546: $? = 0
configure:3587: result: yes
configure:3621: checking for style of include used by make
configure:3649: result: GNU
configure:3675: checking dependency style of g++
configure:3786: result: gcc3
configure:3854: checking for gcc
configure:3870: found /usr/bin/gcc
configure:3881: result: gcc
configure:4110: checking for C compiler version
configure:4119: gcc --version >&5
Apple LLVM version 10.0.1 (clang-1001.0.46.4)
Target: x86_64-apple-darwin18.6.0
Thread model: posix
InstalledDir: /Library/Developer/CommandLineTools/usr/bin
Configured with: --prefix=/Library/Developer/CommandLineTools/usr --with-gxx-include-dir=/Library/Developer/CommandLineTools/SDKs/MacOSX10.14.sdk/usr/include/c++/4.2.1
configure:4130: $? = 0
configure:4119: gcc -v >&5
Configured with: --prefix=/Library/Developer/CommandLineTools/usr --with-gxx-include-dir=/Library/Developer/CommandLineTools/SDKs/MacOSX10.14.sdk/usr/include/c++/4.2.1
Apple LLVM version 10.0.1 (clang-1001.0.46.4)
Target: x86_64-apple-darwin18.6.0
Thread model: posix
InstalledDir: /Library/Developer/CommandLineTools/usr/bin
configure:4130: $? = 0
configure:4119: gcc -V >&5
clang: error: unsupported option '-V -Wno-atomic-implicit-seq-cst'
clang: error: no input files
configure:4130: $? = 1
configure:4119: gcc -qversion >&5
clang: error: unknown argument '-qversion', did you mean '--version'?
clang: error: no input files
configure:4130: $? = 1
configure:4134: checking whether we are using the GNU C compiler
configure:4153: gcc -c -O2 -Wall  conftest.c >&5
configure:4153: $? = 0
configure:4162: result: yes
configure:4171: checking whether gcc accepts -g
configure:4191: gcc -c -g  conftest.c >&5
configure:4191: $? = 0
configure:4232: result: yes
configure:4249: checking for gcc option to accept ISO C89
configure:4312: gcc  -c -O2 -Wall  conftest.c >&5
configure:4312: $? = 0
configure:4325: result: none needed
configure:4350: checking whether gcc understands -c and -o together
configure:4372: gcc -c conftest.c -o conftest2.o
configure:4375: $? = 0
configure:4372: gcc -c conftest.c -o conftest2.o
configure:4375: $? = 0
configure:4387: result: yes
configure:4406: checking dependency style of gcc
configure:4517: result: gcc3
configure:4545: checking whether make sets $(MAKE)
configure:4567: result: yes
configure:4631: checking for g77
configure:4661: result: no
configure:4631: checking for xlf
configure:4661: result: no
configure:4631: checking for f77
configure:4661: result: no
configure:4631: checking for frt
configure:4661: result: no
configure:4631: checking for pgf77
configure:4661: result: no
configure:4631: checking for cf77
configure:4661: result: no
configure:4631: checking for fort77
configure:4661: result: no
configure:4631: checking for fl32
configure:4661: result: no
configure:4631: checking for af77
configure:4661: result: no
configure:4631: checking for xlf90
configure:4661: result: no
configure:4631: checking for f90
configure:4661: result: no
configure:4631: checking for pgf90
configure:4661: result: no
configure:4631: checking for pghpf
configure:4661: result: no
configure:4631: checking for epcf90
configure:4661: result: no
configure:4631: checking for gfortran
configure:4647: found /usr/local/bin/gfortran
configure:4658: result: gfortran
configure:4684: checking for Fortran 77 compiler version
configure:4693: gfortran --version >&5
GNU Fortran (Homebrew GCC 9.2.0_1) 9.2.0
Copyright (C) 2019 Free Software Foundation, Inc.
This is free software; see the source for copying conditions.  There is NO
warranty; not even for MERCHANTABILITY or FITNESS FOR A PARTICULAR PURPOSE.

configure:4704: $? = 0
configure:4693: gfortran -v >&5
Using built-in specs.
COLLECT_GCC=gfortran
COLLECT_LTO_WRAPPER=/usr/local/Cellar/gcc/9.2.0_1/libexec/gcc/x86_64-apple-darwin18/9.2.0/lto-wrapper
Target: x86_64-apple-darwin18
Configured with: ../configure --build=x86_64-apple-darwin18 --prefix=/usr/local/Cellar/gcc/9.2.0_1 --libdir=/usr/local/Cellar/gcc/9.2.0_1/lib/gcc/9 --disable-nls --enable-checking=release --enable-languages=c,c++,objc,obj-c++,fortran --program-suffix=-9 --with-gmp=/usr/local/opt/gmp --with-mpfr=/usr/local/opt/mpfr --with-mpc=/usr/local/opt/libmpc --with-isl=/usr/local/opt/isl --with-system-zlib --with-pkgversion='Homebrew GCC 9.2.0_1' --with-bugurl=https://github.com/Homebrew/homebrew-core/issues --disable-multilib --with-native-system-header-dir=/usr/include --with-sysroot=/Library/Developer/CommandLineTools/SDKs/MacOSX.sdk
Thread model: posix
gcc version 9.2.0 (Homebrew GCC 9.2.0_1) 
configure:4704: $? = 0
configure:4693: gfortran -V >&5
gfortran: error: unrecognized command line option '-V'
gfortran: fatal error: no input files
compilation terminated.
configure:4704: $? = 1
configure:4693: gfortran -qversion >&5
gfortran: error: unrecognized command line option '-qversion'; did you mean '--version'?
gfortran: fatal error: no input files
compilation terminated.
configure:4704: $? = 1
configure:4713: checking whether we are using the GNU Fortran 77 compiler
configure:4726: gfortran -c -O2 -Wall conftest.F >&5
configure:4726: $? = 0
configure:4735: result: yes
configure:4741: checking whether gfortran accepts -g
configure:4752: gfortran -c -g conftest.f >&5
configure:4752: $? = 0
configure:4760: result: yes
configure:4793: checking build system type
configure:4807: result: x86_64-apple-darwin18.6.0
configure:4827: checking host system type
configure:4840: result: x86_64-apple-darwin18.6.0
configure:4865: checking how to get verbose linking output from gfortran
configure:4875: gfortran -c -O2 -Wall conftest.f >&5
configure:4875: $? = 0
configure:4893: gfortran -o conftest -O2 -Wall -v conftest.f
Using built-in specs.
Target: x86_64-apple-darwin18
Thread model: posix
gcc version 9.2.0 (Homebrew GCC 9.2.0_1) 
 /usr/local/Cellar/gcc/9.2.0_1/libexec/gcc/x86_64-apple-darwin18/9.2.0/f951 conftest.f -ffixed-form -fPIC -quiet -dumpbase conftest.f -mmacosx-version-min=10.14.0 -mtune=core2 -auxbase conftest -O2 -Wall -version -fintrinsic-modules-path /usr/local/Cellar/gcc/9.2.0_1/lib/gcc/9/gcc/x86_64-apple-darwin18/9.2.0/finclude -o /var/folders/qf/lbsmdzjx0nl61yq9frp6s0dh0000gn/T//ccdLQVZq.s
GNU Fortran (Homebrew GCC 9.2.0_1) version 9.2.0 (x86_64-apple-darwin18)
	compiled by GNU C version 9.2.0, GMP version 6.1.2, MPFR version 4.0.2, MPC version 1.1.0, isl version isl-0.21-GMP

GGC heuristics: --param ggc-min-expand=100 --param ggc-min-heapsize=131072
GNU Fortran2008 (Homebrew GCC 9.2.0_1) version 9.2.0 (x86_64-apple-darwin18)
	compiled by GNU C version 9.2.0, GMP version 6.1.2, MPFR version 4.0.2, MPC version 1.1.0, isl version isl-0.21-GMP

GGC heuristics: --param ggc-min-expand=100 --param ggc-min-heapsize=131072
 as -arch x86_64 -v -force_cpusubtype_ALL -mmacosx-version-min=10.14 -o /var/folders/qf/lbsmdzjx0nl61yq9frp6s0dh0000gn/T//ccM3Bx4I.o /var/folders/qf/lbsmdzjx0nl61yq9frp6s0dh0000gn/T//ccdLQVZq.s
Apple LLVM version 10.0.1 (clang-1001.0.46.4)
Target: x86_64-apple-darwin18.6.0
Thread model: posix
InstalledDir: /Library/Developer/CommandLineTools/usr/bin
 "/Library/Developer/CommandLineTools/usr/bin/clang" -cc1as -triple x86_64-apple-macosx10.14.0 -filetype obj -main-file-name ccdLQVZq.s -target-cpu penryn -fdebug-compilation-dir /Users/glyph/Downloads/SoftSusy-master/Plotting_Setup2/softsusy-4.1.4-Garon -dwarf-debug-producer Apple LLVM version 10.0.1 (clang-1001.0.46.4) -dwarf-version=4 -mrelocation-model pic -o /var/folders/qf/lbsmdzjx0nl61yq9frp6s0dh0000gn/T//ccM3Bx4I.o /var/folders/qf/lbsmdzjx0nl61yq9frp6s0dh0000gn/T//ccdLQVZq.s
Reading specs from /usr/local/Cellar/gcc/9.2.0_1/lib/gcc/9/gcc/x86_64-apple-darwin18/9.2.0/../../../libgfortran.spec
rename spec lib to liborig
 /usr/local/Cellar/gcc/9.2.0_1/libexec/gcc/x86_64-apple-darwin18/9.2.0/collect2 -syslibroot /Library/Developer/CommandLineTools/SDKs/MacOSX.sdk/ -dynamic -arch x86_64 -macosx_version_min 10.14.0 -weak_reference_mismatches non-weak -o conftest -L/usr/local/Cellar/gcc/9.2.0_1/lib/gcc/9/gcc/x86_64-apple-darwin18/9.2.0 -L/usr/local/Cellar/gcc/9.2.0_1/lib/gcc/9/gcc/x86_64-apple-darwin18/9.2.0/../../.. /var/folders/qf/lbsmdzjx0nl61yq9frp6s0dh0000gn/T//ccM3Bx4I.o -lgfortran -no_compact_unwind -lSystem -lgcc_ext.10.5 -lgcc -lquadmath -lm -lgcc_ext.10.5 -lgcc -lSystem -v
collect2 version 9.2.0
/usr/bin/ld -syslibroot /Library/Developer/CommandLineTools/SDKs/MacOSX.sdk/ -dynamic -arch x86_64 -macosx_version_min 10.14.0 -weak_reference_mismatches non-weak -o conftest -L/usr/local/Cellar/gcc/9.2.0_1/lib/gcc/9/gcc/x86_64-apple-darwin18/9.2.0 -L/usr/local/Cellar/gcc/9.2.0_1/lib/gcc/9/gcc/x86_64-apple-darwin18/9.2.0/../../.. /var/folders/qf/lbsmdzjx0nl61yq9frp6s0dh0000gn/T//ccM3Bx4I.o -lgfortran -no_compact_unwind -lSystem -lgcc_ext.10.5 -lgcc -lquadmath -lm -lgcc_ext.10.5 -lgcc -lSystem -v
@(#)PROGRAM:ld  PROJECT:ld64-450.3
BUILD 18:16:53 Apr  5 2019
configured to support archs: armv6 armv7 armv7s arm64 arm64e arm64_32 i386 x86_64 x86_64h armv6m armv7k armv7m armv7em
Library search paths:
	/usr/local/Cellar/gcc/9.2.0_1/lib/gcc/9/gcc/x86_64-apple-darwin18/9.2.0
	/usr/local/Cellar/gcc/9.2.0_1/lib/gcc/9
	/Library/Developer/CommandLineTools/SDKs/MacOSX.sdk/usr/lib
Framework search paths:
	/Library/Developer/CommandLineTools/SDKs/MacOSX.sdk/System/Library/Frameworks/
configure:4976: result: -v
configure:4978: checking for Fortran 77 libraries of gfortran
configure:5001: gfortran -o conftest -O2 -Wall -v conftest.f
Using built-in specs.
Target: x86_64-apple-darwin18
Thread model: posix
gcc version 9.2.0 (Homebrew GCC 9.2.0_1) 
 /usr/local/Cellar/gcc/9.2.0_1/libexec/gcc/x86_64-apple-darwin18/9.2.0/f951 conftest.f -ffixed-form -fPIC -quiet -dumpbase conftest.f -mmacosx-version-min=10.14.0 -mtune=core2 -auxbase conftest -O2 -Wall -version -fintrinsic-modules-path /usr/local/Cellar/gcc/9.2.0_1/lib/gcc/9/gcc/x86_64-apple-darwin18/9.2.0/finclude -o /var/folders/qf/lbsmdzjx0nl61yq9frp6s0dh0000gn/T//ccrKw4TK.s
GNU Fortran (Homebrew GCC 9.2.0_1) version 9.2.0 (x86_64-apple-darwin18)
	compiled by GNU C version 9.2.0, GMP version 6.1.2, MPFR version 4.0.2, MPC version 1.1.0, isl version isl-0.21-GMP

GGC heuristics: --param ggc-min-expand=100 --param ggc-min-heapsize=131072
GNU Fortran2008 (Homebrew GCC 9.2.0_1) version 9.2.0 (x86_64-apple-darwin18)
	compiled by GNU C version 9.2.0, GMP version 6.1.2, MPFR version 4.0.2, MPC version 1.1.0, isl version isl-0.21-GMP

GGC heuristics: --param ggc-min-expand=100 --param ggc-min-heapsize=131072
 as -arch x86_64 -v -force_cpusubtype_ALL -mmacosx-version-min=10.14 -o /var/folders/qf/lbsmdzjx0nl61yq9frp6s0dh0000gn/T//ccmnweDW.o /var/folders/qf/lbsmdzjx0nl61yq9frp6s0dh0000gn/T//ccrKw4TK.s
Apple LLVM version 10.0.1 (clang-1001.0.46.4)
Target: x86_64-apple-darwin18.6.0
Thread model: posix
InstalledDir: /Library/Developer/CommandLineTools/usr/bin
 "/Library/Developer/CommandLineTools/usr/bin/clang" -cc1as -triple x86_64-apple-macosx10.14.0 -filetype obj -main-file-name ccrKw4TK.s -target-cpu penryn -fdebug-compilation-dir /Users/glyph/Downloads/SoftSusy-master/Plotting_Setup2/softsusy-4.1.4-Garon -dwarf-debug-producer Apple LLVM version 10.0.1 (clang-1001.0.46.4) -dwarf-version=4 -mrelocation-model pic -o /var/folders/qf/lbsmdzjx0nl61yq9frp6s0dh0000gn/T//ccmnweDW.o /var/folders/qf/lbsmdzjx0nl61yq9frp6s0dh0000gn/T//ccrKw4TK.s
Reading specs from /usr/local/Cellar/gcc/9.2.0_1/lib/gcc/9/gcc/x86_64-apple-darwin18/9.2.0/../../../libgfortran.spec
rename spec lib to liborig
 /usr/local/Cellar/gcc/9.2.0_1/libexec/gcc/x86_64-apple-darwin18/9.2.0/collect2 -syslibroot /Library/Developer/CommandLineTools/SDKs/MacOSX.sdk/ -dynamic -arch x86_64 -macosx_version_min 10.14.0 -weak_reference_mismatches non-weak -o conftest -L/usr/local/Cellar/gcc/9.2.0_1/lib/gcc/9/gcc/x86_64-apple-darwin18/9.2.0 -L/usr/local/Cellar/gcc/9.2.0_1/lib/gcc/9/gcc/x86_64-apple-darwin18/9.2.0/../../.. /var/folders/qf/lbsmdzjx0nl61yq9frp6s0dh0000gn/T//ccmnweDW.o -lgfortran -no_compact_unwind -lSystem -lgcc_ext.10.5 -lgcc -lquadmath -lm -lgcc_ext.10.5 -lgcc -lSystem -v
collect2 version 9.2.0
/usr/bin/ld -syslibroot /Library/Developer/CommandLineTools/SDKs/MacOSX.sdk/ -dynamic -arch x86_64 -macosx_version_min 10.14.0 -weak_reference_mismatches non-weak -o conftest -L/usr/local/Cellar/gcc/9.2.0_1/lib/gcc/9/gcc/x86_64-apple-darwin18/9.2.0 -L/usr/local/Cellar/gcc/9.2.0_1/lib/gcc/9/gcc/x86_64-apple-darwin18/9.2.0/../../.. /var/folders/qf/lbsmdzjx0nl61yq9frp6s0dh0000gn/T//ccmnweDW.o -lgfortran -no_compact_unwind -lSystem -lgcc_ext.10.5 -lgcc -lquadmath -lm -lgcc_ext.10.5 -lgcc -lSystem -v
@(#)PROGRAM:ld  PROJECT:ld64-450.3
BUILD 18:16:53 Apr  5 2019
configured to support archs: armv6 armv7 armv7s arm64 arm64e arm64_32 i386 x86_64 x86_64h armv6m armv7k armv7m armv7em
Library search paths:
	/usr/local/Cellar/gcc/9.2.0_1/lib/gcc/9/gcc/x86_64-apple-darwin18/9.2.0
	/usr/local/Cellar/gcc/9.2.0_1/lib/gcc/9
	/Library/Developer/CommandLineTools/SDKs/MacOSX.sdk/usr/lib
Framework search paths:
	/Library/Developer/CommandLineTools/SDKs/MacOSX.sdk/System/Library/Frameworks/
configure:5197: result:  -L/usr/local/Cellar/gcc/9.2.0_1/lib/gcc/9/gcc/x86_64-apple-darwin18/9.2.0 -L/usr/local/Cellar/gcc/9.2.0_1/lib/gcc/9/gcc/x86_64-apple-darwin18/9.2.0/../../.. -lgfortran -lquadmath -lm
configure:5257: checking how to print strings
configure:5284: result: printf
configure:5305: checking for a sed that does not truncate output
configure:5369: result: /usr/bin/sed
configure:5387: checking for grep that handles long lines and -e
configure:5445: result: /usr/bin/grep
configure:5450: checking for egrep
configure:5512: result: /usr/bin/grep -E
configure:5517: checking for fgrep
configure:5579: result: /usr/bin/grep -F
configure:5614: checking for ld used by gcc
configure:5681: result: /Library/Developer/CommandLineTools/usr/bin/ld
configure:5688: checking if the linker (/Library/Developer/CommandLineTools/usr/bin/ld) is GNU ld
configure:5703: result: no
configure:5715: checking for BSD- or MS-compatible name lister (nm)
configure:5769: result: /usr/bin/nm -B
configure:5899: checking the name lister (/usr/bin/nm -B) interface
configure:5906: g++ -c -O2 -Wall -std=c++11  conftest.cpp >&5
configure:5909: /usr/bin/nm -B "conftest.o"
configure:5912: output
0000000000000000 S _some_variable
configure:5919: result: BSD nm
configure:5922: checking whether ln -s works
configure:5926: result: yes
configure:5934: checking the maximum length of command line arguments
configure:6065: result: 196608
configure:6113: checking how to convert x86_64-apple-darwin18.6.0 file names to x86_64-apple-darwin18.6.0 format
configure:6153: result: func_convert_file_noop
configure:6160: checking how to convert x86_64-apple-darwin18.6.0 file names to toolchain format
configure:6180: result: func_convert_file_noop
configure:6187: checking for /Library/Developer/CommandLineTools/usr/bin/ld option to reload object files
configure:6194: result: -r
configure:6268: checking for objdump
configure:6284: found /usr/bin/objdump
configure:6295: result: objdump
configure:6327: checking how to recognize dependent libraries
configure:6527: result: pass_all
configure:6612: checking for dlltool
configure:6642: result: no
configure:6672: checking how to associate runtime and link libraries
configure:6699: result: printf %s\n
configure:6760: checking for ar
configure:6776: found /usr/bin/ar
configure:6787: result: ar
configure:6824: checking for archiver @FILE support
configure:6841: g++ -c -O2 -Wall -std=c++11  conftest.cpp >&5
configure:6841: $? = 0
configure:6844: ar cru libconftest.a @conftest.lst >&5
ar: @conftest.lst: No such file or directory
configure:6847: $? = 1
configure:6867: result: no
configure:6925: checking for strip
configure:6941: found /usr/bin/strip
configure:6952: result: strip
configure:7024: checking for ranlib
configure:7040: found /usr/bin/ranlib
configure:7051: result: ranlib
configure:7153: checking command to parse /usr/bin/nm -B output from gcc object
configure:7306: g++ -c -O2 -Wall -std=c++11  conftest.cpp >&5
configure:7309: $? = 0
configure:7313: /usr/bin/nm -B conftest.o \| sed -n -e 's/^.*[ ]\([BCDEGRST][BCDEGRST]*\)[ ][ ]*\([_A-Za-z][_A-Za-z0-9]*\)$/\1 \2 \2/p' | sed '/ __gnu_lto/d' \> conftest.nm
configure:7316: $? = 0
cannot find nm_test_var in conftest.nm
configure:7306: g++ -c -O2 -Wall -std=c++11  conftest.cpp >&5
configure:7309: $? = 0
configure:7313: /usr/bin/nm -B conftest.o \| sed -n -e 's/^.*[ ]\([BCDEGRST][BCDEGRST]*\)[ ][ ]*_\([_A-Za-z][_A-Za-z0-9]*\)$/\1 _\2 \2/p' | sed '/ __gnu_lto/d' \> conftest.nm
configure:7316: $? = 0
configure:7382: g++ -o conftest -O2 -Wall -std=c++11   conftest.cpp conftstm.o >&5
conftest.cpp:25:1: warning: unused variable 'lt__PROGRAM__LTX_preloaded_symbols' [-Wunused-const-variable]
lt__PROGRAM__LTX_preloaded_symbols[] =
^
1 warning generated.
configure:7385: $? = 0
configure:7423: result: ok
configure:7470: checking for sysroot
configure:7500: result: no
configure:7507: checking for a working dd
configure:7545: result: /bin/dd
configure:7549: checking how to truncate binary pipes
configure:7564: result: /bin/dd bs=4096 count=1
configure:7894: checking for mt
configure:7924: result: no
configure:7944: checking if : is a manifest tool
configure:7950: : '-?'
configure:7958: result: no
configure:8014: checking for dsymutil
configure:8030: found /usr/bin/dsymutil
configure:8041: result: dsymutil
configure:8106: checking for nmedit
configure:8122: found /usr/bin/nmedit
configure:8133: result: nmedit
configure:8198: checking for lipo
configure:8214: found /usr/bin/lipo
configure:8225: result: lipo
configure:8290: checking for otool
configure:8306: found /usr/bin/otool
configure:8317: result: otool
configure:8382: checking for otool64
configure:8412: result: no
configure:8457: checking for -single_module linker flag
gcc -O0 -Wall  -o libconftest.dylib -dynamiclib -Wl,-single_module conftest.c
configure:8490: result: yes
configure:8493: checking for -exported_symbols_list linker flag
configure:8513: g++ -o conftest -O2 -Wall -std=c++11   -Wl,-exported_symbols_list,conftest.sym conftest.cpp  >&5
configure:8513: $? = 0
configure:8523: result: yes
configure:8526: checking for -force_load linker flag
gcc -O0 -Wall -c -o conftest.o conftest.c
ar cru libconftest.a conftest.o
ranlib libconftest.a
gcc -O0 -Wall  -o conftest conftest.c -Wl,-force_load,./libconftest.a
configure:8558: result: yes
configure:8635: checking how to run the C preprocessor
configure:8666: gcc -E  conftest.c
configure:8666: $? = 0
configure:8680: gcc -E  conftest.c
conftest.c:11:10: fatal error: 'ac_nonexistent.h' file not found
#include <ac_nonexistent.h>
         ^~~~~~~~~~~~~~~~~~
1 error generated.
configure:8680: $? = 1
configure: failed program was:
| /* confdefs.h */
| #define PACKAGE_NAME "softsusy"
| #define PACKAGE_TARNAME "softsusy"
| #define PACKAGE_VERSION "4.1.4"
| #define PACKAGE_STRING "softsusy 4.1.4"
| #define PACKAGE_BUGREPORT "softsusy@projects.hepforge.org"
| #define PACKAGE_URL "http://softsusy.hepforge.org/"
| #define PACKAGE "softsusy"
| #define VERSION "4.1.4"
| /* end confdefs.h.  */
| #include <ac_nonexistent.h>
configure:8705: result: gcc -E
configure:8725: gcc -E  conftest.c
configure:8725: $? = 0
configure:8739: gcc -E  conftest.c
conftest.c:11:10: fatal error: 'ac_nonexistent.h' file not found
#include <ac_nonexistent.h>
         ^~~~~~~~~~~~~~~~~~
1 error generated.
configure:8739: $? = 1
configure: failed program was:
| /* confdefs.h */
| #define PACKAGE_NAME "softsusy"
| #define PACKAGE_TARNAME "softsusy"
| #define PACKAGE_VERSION "4.1.4"
| #define PACKAGE_STRING "softsusy 4.1.4"
| #define PACKAGE_BUGREPORT "softsusy@projects.hepforge.org"
| #define PACKAGE_URL "http://softsusy.hepforge.org/"
| #define PACKAGE "softsusy"
| #define VERSION "4.1.4"
| /* end confdefs.h.  */
| #include <ac_nonexistent.h>
configure:8768: checking for ANSI C header files
configure:8788: gcc -c -O0 -Wall  conftest.c >&5
configure:8788: $? = 0
configure:8861: gcc -o conftest -O0 -Wall   conftest.c  >&5
configure:8861: $? = 0
configure:8861: ./conftest
configure:8861: $? = 0
configure:8872: result: yes
configure:8885: checking for sys/types.h
configure:8885: gcc -c -O0 -Wall  conftest.c >&5
configure:8885: $? = 0
configure:8885: result: yes
configure:8885: checking for sys/stat.h
configure:8885: gcc -c -O0 -Wall  conftest.c >&5
configure:8885: $? = 0
configure:8885: result: yes
configure:8885: checking for stdlib.h
configure:8885: gcc -c -O0 -Wall  conftest.c >&5
configure:8885: $? = 0
configure:8885: result: yes
configure:8885: checking for string.h
configure:8885: gcc -c -O0 -Wall  conftest.c >&5
configure:8885: $? = 0
configure:8885: result: yes
configure:8885: checking for memory.h
configure:8885: gcc -c -O0 -Wall  conftest.c >&5
configure:8885: $? = 0
configure:8885: result: yes
configure:8885: checking for strings.h
configure:8885: gcc -c -O0 -Wall  conftest.c >&5
configure:8885: $? = 0
configure:8885: result: yes
configure:8885: checking for inttypes.h
configure:8885: gcc -c -O0 -Wall  conftest.c >&5
configure:8885: $? = 0
configure:8885: result: yes
configure:8885: checking for stdint.h
configure:8885: gcc -c -O0 -Wall  conftest.c >&5
configure:8885: $? = 0
configure:8885: result: yes
configure:8885: checking for unistd.h
configure:8885: gcc -c -O0 -Wall  conftest.c >&5
configure:8885: $? = 0
configure:8885: result: yes
configure:8899: checking for dlfcn.h
configure:8899: gcc -c -O0 -Wall  conftest.c >&5
configure:8899: $? = 0
configure:8899: result: yes
configure:9165: checking for objdir
configure:9180: result: .libs
configure:9444: checking if gcc supports -fno-rtti -fno-exceptions
configure:9462: gcc -c -O0 -Wall  -fno-rtti -fno-exceptions conftest.c >&5
configure:9466: $? = 0
configure:9479: result: yes
configure:9837: checking for gcc option to produce PIC
configure:9844: result: -fno-common -DPIC
configure:9852: checking if gcc PIC flag -fno-common -DPIC works
configure:9870: gcc -c -O0 -Wall  -fno-common -DPIC -DPIC conftest.c >&5
configure:9874: $? = 0
configure:9887: result: yes
configure:9916: checking if gcc static flag -static works
configure:9944: result: no
configure:9959: checking if gcc supports -c -o file.o
configure:9980: gcc -c -O0 -Wall  -o out/conftest2.o conftest.c >&5
configure:9984: $? = 0
configure:10006: result: yes
configure:10014: checking if gcc supports -c -o file.o
configure:10061: result: yes
configure:10094: checking whether the gcc linker (/Library/Developer/CommandLineTools/usr/bin/ld) supports shared libraries
configure:11357: result: yes
configure:11597: checking dynamic linker characteristics
configure:12427: result: darwin18.6.0 dyld
configure:12549: checking how to hardcode library paths into programs
configure:12574: result: immediate
configure:13122: checking whether stripping libraries is possible
configure:13136: result: yes
configure:13162: checking if libtool supports shared libraries
configure:13164: result: yes
configure:13167: checking whether to build shared libraries
configure:13192: result: yes
configure:13195: checking whether to build static libraries
configure:13199: result: yes
configure:13222: checking how to run the C++ preprocessor
configure:13249: g++ -E  conftest.cpp
configure:13249: $? = 0
configure:13263: g++ -E  conftest.cpp
conftest.cpp:23:10: fatal error: 'ac_nonexistent.h' file not found
#include <ac_nonexistent.h>
         ^~~~~~~~~~~~~~~~~~
1 error generated.
configure:13263: $? = 1
configure: failed program was:
| /* confdefs.h */
| #define PACKAGE_NAME "softsusy"
| #define PACKAGE_TARNAME "softsusy"
| #define PACKAGE_VERSION "4.1.4"
| #define PACKAGE_STRING "softsusy 4.1.4"
| #define PACKAGE_BUGREPORT "softsusy@projects.hepforge.org"
| #define PACKAGE_URL "http://softsusy.hepforge.org/"
| #define PACKAGE "softsusy"
| #define VERSION "4.1.4"
| #define STDC_HEADERS 1
| #define HAVE_SYS_TYPES_H 1
| #define HAVE_SYS_STAT_H 1
| #define HAVE_STDLIB_H 1
| #define HAVE_STRING_H 1
| #define HAVE_MEMORY_H 1
| #define HAVE_STRINGS_H 1
| #define HAVE_INTTYPES_H 1
| #define HAVE_STDINT_H 1
| #define HAVE_UNISTD_H 1
| #define HAVE_DLFCN_H 1
| #define LT_OBJDIR ".libs/"
| /* end confdefs.h.  */
| #include <ac_nonexistent.h>
configure:13288: result: g++ -E
configure:13308: g++ -E  conftest.cpp
configure:13308: $? = 0
configure:13322: g++ -E  conftest.cpp
conftest.cpp:23:10: fatal error: 'ac_nonexistent.h' file not found
#include <ac_nonexistent.h>
         ^~~~~~~~~~~~~~~~~~
1 error generated.
configure:13322: $? = 1
configure: failed program was:
| /* confdefs.h */
| #define PACKAGE_NAME "softsusy"
| #define PACKAGE_TARNAME "softsusy"
| #define PACKAGE_VERSION "4.1.4"
| #define PACKAGE_STRING "softsusy 4.1.4"
| #define PACKAGE_BUGREPORT "softsusy@projects.hepforge.org"
| #define PACKAGE_URL "http://softsusy.hepforge.org/"
| #define PACKAGE "softsusy"
| #define VERSION "4.1.4"
| #define STDC_HEADERS 1
| #define HAVE_SYS_TYPES_H 1
| #define HAVE_SYS_STAT_H 1
| #define HAVE_STDLIB_H 1
| #define HAVE_STRING_H 1
| #define HAVE_MEMORY_H 1
| #define HAVE_STRINGS_H 1
| #define HAVE_INTTYPES_H 1
| #define HAVE_STDINT_H 1
| #define HAVE_UNISTD_H 1
| #define HAVE_DLFCN_H 1
| #define LT_OBJDIR ".libs/"
| /* end confdefs.h.  */
| #include <ac_nonexistent.h>
configure:13484: checking for ld used by g++
configure:13551: result: /Library/Developer/CommandLineTools/usr/bin/ld
configure:13558: checking if the linker (/Library/Developer/CommandLineTools/usr/bin/ld) is GNU ld
configure:13573: result: no
configure:13628: checking whether the g++ linker (/Library/Developer/CommandLineTools/usr/bin/ld) supports shared libraries
configure:14701: result: yes
configure:14737: g++ -c -O2 -Wall -std=c++11  conftest.cpp >&5
configure:14740: $? = 0
configure:15221: checking for g++ option to produce PIC
configure:15228: result: -fno-common -DPIC
configure:15236: checking if g++ PIC flag -fno-common -DPIC works
configure:15254: g++ -c -O2 -Wall -std=c++11  -fno-common -DPIC -DPIC conftest.cpp >&5
configure:15258: $? = 0
configure:15271: result: yes
configure:15294: checking if g++ static flag -static works
configure:15322: result: no
configure:15334: checking if g++ supports -c -o file.o
configure:15355: g++ -c -O2 -Wall -std=c++11  -o out/conftest2.o conftest.cpp >&5
configure:15359: $? = 0
configure:15381: result: yes
configure:15386: checking if g++ supports -c -o file.o
configure:15433: result: yes
configure:15463: checking whether the g++ linker (/Library/Developer/CommandLineTools/usr/bin/ld) supports shared libraries
configure:15506: result: yes
configure:15647: checking dynamic linker characteristics
configure:16404: result: darwin18.6.0 dyld
configure:16469: checking how to hardcode library paths into programs
configure:16494: result: immediate
configure:16635: checking if libtool supports shared libraries
configure:16637: result: yes
configure:16640: checking whether to build shared libraries
configure:16664: result: yes
configure:16667: checking whether to build static libraries
configure:16671: result: yes
configure:17023: checking for gfortran option to produce PIC
configure:17030: result: -fno-common
configure:17038: checking if gfortran PIC flag -fno-common works
configure:17056: gfortran -c -O2 -Wall -fno-common conftest.f >&5
configure:17060: $? = 0
configure:17073: result: yes
configure:17096: checking if gfortran static flag -static works
configure:17124: result: no
configure:17136: checking if gfortran supports -c -o file.o
configure:17157: gfortran -c -O2 -Wall -o out/conftest2.o conftest.f >&5
configure:17161: $? = 0
configure:17183: result: yes
configure:17188: checking if gfortran supports -c -o file.o
configure:17235: result: yes
configure:17265: checking whether the gfortran linker (/Library/Developer/CommandLineTools/usr/bin/ld) supports shared libraries
configure:18478: result: yes
configure:18619: checking dynamic linker characteristics
configure:19370: result: darwin18.6.0 dyld
configure:19435: checking how to hardcode library paths into programs
configure:19460: result: immediate
configure:19930: checking that generated files are newer than configure
configure:19936: result: done
configure:19979: creating ./config.status

## ---------------------- ##
## Running config.status. ##
## ---------------------- ##

This file was extended by softsusy config.status 4.1.4, which was
generated by GNU Autoconf 2.69.  Invocation command line was

  CONFIG_FILES    = 
  CONFIG_HEADERS  = 
  CONFIG_LINKS    = 
  CONFIG_COMMANDS = 
  $ ./config.status 

on NeiliMac.local

config.status:1209: creating Makefile
config.status:1209: creating Config/config.h
config.status:1390: Config/config.h is unchanged
config.status:1438: executing depfiles commands
config.status:1438: executing libtool commands

## ---------------- ##
## Cache variables. ##
## ---------------- ##

ac_cv_build=x86_64-apple-darwin18.6.0
ac_cv_c_compiler_gnu=yes
ac_cv_cxx_compiler_gnu=yes
ac_cv_env_CCC_set=
ac_cv_env_CCC_value=
ac_cv_env_CC_set=
ac_cv_env_CC_value=
ac_cv_env_CFLAGS_set=
ac_cv_env_CFLAGS_value=
ac_cv_env_CPPFLAGS_set=
ac_cv_env_CPPFLAGS_value=
ac_cv_env_CPP_set=
ac_cv_env_CPP_value=
ac_cv_env_CXXCPP_set=
ac_cv_env_CXXCPP_value=
ac_cv_env_CXXFLAGS_set=
ac_cv_env_CXXFLAGS_value=
ac_cv_env_CXX_set=
ac_cv_env_CXX_value=
ac_cv_env_F77_set=
ac_cv_env_F77_value=
ac_cv_env_FFLAGS_set=
ac_cv_env_FFLAGS_value=
ac_cv_env_LDFLAGS_set=
ac_cv_env_LDFLAGS_value=
ac_cv_env_LIBS_set=
ac_cv_env_LIBS_value=
ac_cv_env_LT_SYS_LIBRARY_PATH_set=
ac_cv_env_LT_SYS_LIBRARY_PATH_value=
ac_cv_env_build_alias_set=
ac_cv_env_build_alias_value=
ac_cv_env_host_alias_set=
ac_cv_env_host_alias_value=
ac_cv_env_target_alias_set=
ac_cv_env_target_alias_value=
ac_cv_f77_compiler_gnu=yes
ac_cv_f77_libs=' -L/usr/local/Cellar/gcc/9.2.0_1/lib/gcc/9/gcc/x86_64-apple-darwin18/9.2.0 -L/usr/local/Cellar/gcc/9.2.0_1/lib/gcc/9/gcc/x86_64-apple-darwin18/9.2.0/../../.. -lgfortran -lquadmath -lm'
ac_cv_header_dlfcn_h=yes
ac_cv_header_inttypes_h=yes
ac_cv_header_memory_h=yes
ac_cv_header_stdc=yes
ac_cv_header_stdint_h=yes
ac_cv_header_stdlib_h=yes
ac_cv_header_string_h=yes
ac_cv_header_strings_h=yes
ac_cv_header_sys_stat_h=yes
ac_cv_header_sys_types_h=yes
ac_cv_header_unistd_h=yes
ac_cv_host=x86_64-apple-darwin18.6.0
ac_cv_objext=o
ac_cv_path_EGREP='/usr/bin/grep -E'
ac_cv_path_FGREP='/usr/bin/grep -F'
ac_cv_path_GREP=/usr/bin/grep
ac_cv_path_SED=/usr/bin/sed
ac_cv_path_install='/usr/bin/install -c'
ac_cv_path_lt_DD=/bin/dd
ac_cv_prog_AWK=awk
ac_cv_prog_CPP='gcc -E'
ac_cv_prog_CXXCPP='g++ -E'
ac_cv_prog_ac_ct_AR=ar
ac_cv_prog_ac_ct_CC=gcc
ac_cv_prog_ac_ct_CXX=g++
ac_cv_prog_ac_ct_DSYMUTIL=dsymutil
ac_cv_prog_ac_ct_F77=gfortran
ac_cv_prog_ac_ct_LIPO=lipo
ac_cv_prog_ac_ct_NMEDIT=nmedit
ac_cv_prog_ac_ct_OBJDUMP=objdump
ac_cv_prog_ac_ct_OTOOL=otool
ac_cv_prog_ac_ct_RANLIB=ranlib
ac_cv_prog_ac_ct_STRIP=strip
ac_cv_prog_cc_c89=
ac_cv_prog_cc_g=yes
ac_cv_prog_cxx_g=yes
ac_cv_prog_f77_g=yes
ac_cv_prog_f77_v=-v
ac_cv_prog_make_make_set=yes
am_cv_CC_dependencies_compiler_type=gcc3
am_cv_CXX_dependencies_compiler_type=gcc3
am_cv_make_support_nested_variables=yes
am_cv_prog_cc_c_o=yes
lt_cv_apple_cc_single_mod=yes
lt_cv_ar_at_file=no
lt_cv_deplibs_check_method=pass_all
lt_cv_file_magic_cmd='$MAGIC_CMD'
lt_cv_file_magic_test_file=
lt_cv_ld_exported_symbols_list=yes
lt_cv_ld_force_load=yes
lt_cv_ld_reload_flag=-r
lt_cv_nm_interface='BSD nm'
lt_cv_objdir=.libs
lt_cv_path_LD=/Library/Developer/CommandLineTools/usr/bin/ld
lt_cv_path_LDCXX=/Library/Developer/CommandLineTools/usr/bin/ld
lt_cv_path_NM='/usr/bin/nm -B'
lt_cv_path_mainfest_tool=no
lt_cv_prog_compiler_c_o=yes
lt_cv_prog_compiler_c_o_CXX=yes
lt_cv_prog_compiler_c_o_F77=yes
lt_cv_prog_compiler_pic='-fno-common -DPIC'
lt_cv_prog_compiler_pic_CXX='-fno-common -DPIC'
lt_cv_prog_compiler_pic_F77=-fno-common
lt_cv_prog_compiler_pic_works=yes
lt_cv_prog_compiler_pic_works_CXX=yes
lt_cv_prog_compiler_pic_works_F77=yes
lt_cv_prog_compiler_rtti_exceptions=yes
lt_cv_prog_compiler_static_works=no
lt_cv_prog_compiler_static_works_CXX=no
lt_cv_prog_compiler_static_works_F77=no
lt_cv_prog_gnu_ld=no
lt_cv_prog_gnu_ldcxx=no
lt_cv_sharedlib_from_linklib_cmd='printf %s\n'
lt_cv_sys_global_symbol_pipe='sed -n -e '\''s/^.*[	 ]\([BCDEGRST][BCDEGRST]*\)[	 ][	 ]*_\([_A-Za-z][_A-Za-z0-9]*\)$/\1 _\2 \2/p'\'' | sed '\''/ __gnu_lto/d'\'''
lt_cv_sys_global_symbol_to_c_name_address='sed -n -e '\''s/^: \(.*\) .*$/  {"\1", (void *) 0},/p'\'' -e '\''s/^[BCDEGRST][BCDEGRST]* .* \(.*\)$/  {"\1", (void *) \&\1},/p'\'''
lt_cv_sys_global_symbol_to_c_name_address_lib_prefix='sed -n -e '\''s/^: \(.*\) .*$/  {"\1", (void *) 0},/p'\'' -e '\''s/^[BCDEGRST][BCDEGRST]* .* \(lib.*\)$/  {"\1", (void *) \&\1},/p'\'' -e '\''s/^[BCDEGRST][BCDEGRST]* .* \(.*\)$/  {"lib\1", (void *) \&\1},/p'\'''
lt_cv_sys_global_symbol_to_cdecl='sed -n -e '\''s/^T .* \(.*\)$/extern int \1();/p'\'' -e '\''s/^[BCDEGRST][BCDEGRST]* .* \(.*\)$/extern char \1;/p'\'''
lt_cv_sys_global_symbol_to_import=
lt_cv_sys_max_cmd_len=196608
lt_cv_to_host_file_cmd=func_convert_file_noop
lt_cv_to_tool_file_cmd=func_convert_file_noop
lt_cv_truncate_bin='/bin/dd bs=4096 count=1'

## ----------------- ##
## Output variables. ##
## ----------------- ##

ACLOCAL='${SHELL} /Users/glyph/Downloads/SoftSusy-master/Plotting_Setup2/softsusy-4.1.4-Garon/Config/missing aclocal-1.15'
AMDEPBACKSLASH='\'
AMDEP_FALSE='#'
AMDEP_TRUE=''
AMTAR='$${TAR-tar}'
AM_BACKSLASH='\'
AM_DEFAULT_V='$(AM_DEFAULT_VERBOSITY)'
AM_DEFAULT_VERBOSITY='1'
AM_V='$(V)'
AR='ar'
AUTOCONF='${SHELL} /Users/glyph/Downloads/SoftSusy-master/Plotting_Setup2/softsusy-4.1.4-Garon/Config/missing autoconf'
AUTOHEADER='${SHELL} /Users/glyph/Downloads/SoftSusy-master/Plotting_Setup2/softsusy-4.1.4-Garon/Config/missing autoheader'
AUTOMAKE='${SHELL} /Users/glyph/Downloads/SoftSusy-master/Plotting_Setup2/softsusy-4.1.4-Garon/Config/missing automake-1.15'
AWK='awk'
CC='gcc'
CCDEPMODE='depmode=gcc3'
CFLAGS='-O0 -Wall'
COMPILE_TWO_LOOP_GAUGE_YUKAWA_FALSE='#'
COMPILE_TWO_LOOP_GAUGE_YUKAWA_TRUE=''
CPP='gcc -E'
CPPFLAGS=''
CXX='g++'
CXXCPP='g++ -E'
CXXDEPMODE='depmode=gcc3'
CXXFLAGS='-O2 -Wall -std=c++11'
CYGPATH_W='echo'
DEFS='-DHAVE_CONFIG_H'
DEPDIR='.deps'
DLLTOOL='false'
DSYMUTIL='dsymutil'
DUMPBIN=''
ECHO_C='\c'
ECHO_N=''
ECHO_T=''
EGREP='/usr/bin/grep -E'
ENABLE_GSL_FALSE=''
ENABLE_GSL_TRUE='#'
ENABLE_HIMALAYA_FALSE=''
ENABLE_HIMALAYA_TRUE='#'
EXEEXT=''
F77='gfortran'
FFLAGS='-O2 -Wall'
FGREP='/usr/bin/grep -F'
FLIBS=' -L/usr/local/Cellar/gcc/9.2.0_1/lib/gcc/9/gcc/x86_64-apple-darwin18/9.2.0 -L/usr/local/Cellar/gcc/9.2.0_1/lib/gcc/9/gcc/x86_64-apple-darwin18/9.2.0/../../.. -lgfortran -lquadmath -lm'
GREP='/usr/bin/grep'
INSTALL_DATA='${INSTALL} -m 644'
INSTALL_PROGRAM='${INSTALL}'
INSTALL_SCRIPT='${INSTALL}'
INSTALL_STRIP_PROGRAM='$(install_sh) -c -s'
LD='/Library/Developer/CommandLineTools/usr/bin/ld'
LDFLAGS=''
LIBOBJS=''
LIBS=''
LIBTOOL='$(SHELL) $(top_builddir)/libtool'
LIPO='lipo'
LN_S='ln -s'
LOOPTOOLS_FALSE=''
LOOPTOOLS_TRUE='#'
LTLIBOBJS=''
LT_SYS_LIBRARY_PATH=''
MAKEINFO='${SHELL} /Users/glyph/Downloads/SoftSusy-master/Plotting_Setup2/softsusy-4.1.4-Garon/Config/missing makeinfo'
MANIFEST_TOOL=':'
MKDIR_P='Config/install-sh -c -d'
NM='/usr/bin/nm -B'
NMEDIT='nmedit'
OBJDUMP='objdump'
OBJEXT='o'
OTOOL64=':'
OTOOL='otool'
PACKAGE='softsusy'
PACKAGE_BUGREPORT='softsusy@projects.hepforge.org'
PACKAGE_NAME='softsusy'
PACKAGE_STRING='softsusy 4.1.4'
PACKAGE_TARNAME='softsusy'
PACKAGE_URL='http://softsusy.hepforge.org/'
PACKAGE_VERSION='4.1.4'
PATH_SEPARATOR=':'
RANLIB='ranlib'
SED='/usr/bin/sed'
SET_MAKE=''
SHELL='/bin/sh'
STRIP='strip'
VERSION='4.1.4'
ac_ct_AR='ar'
ac_ct_CC='gcc'
ac_ct_CXX='g++'
ac_ct_DUMPBIN=''
ac_ct_F77='gfortran'
am__EXEEXT_FALSE=''
am__EXEEXT_TRUE='#'
am__fastdepCC_FALSE='#'
am__fastdepCC_TRUE=''
am__fastdepCXX_FALSE='#'
am__fastdepCXX_TRUE=''
am__include='include'
am__isrc=''
am__leading_dot='.'
am__nodep='_no'
am__quote=''
am__tar='$${TAR-tar} chof - "$$tardir"'
am__untar='$${TAR-tar} xf -'
bindir='${exec_prefix}/bin'
build='x86_64-apple-darwin18.6.0'
build_alias=''
build_cpu='x86_64'
build_os='darwin18.6.0'
build_vendor='apple'
datadir='${datarootdir}'
datarootdir='${prefix}/share'
docdir='${datarootdir}/doc/${PACKAGE_TARNAME}'
dvidir='${docdir}'
exec_prefix='${prefix}'
host='x86_64-apple-darwin18.6.0'
host_alias=''
host_cpu='x86_64'
host_os='darwin18.6.0'
host_vendor='apple'
htmldir='${docdir}'
includedir='${prefix}/include'
infodir='${datarootdir}/info'
install_sh='${SHELL} /Users/glyph/Downloads/SoftSusy-master/Plotting_Setup2/softsusy-4.1.4-Garon/Config/install-sh'
libdir='${exec_prefix}/lib'
libexecdir='${exec_prefix}/libexec'
localedir='${datarootdir}/locale'
localstatedir='${prefix}/var'
mandir='${datarootdir}/man'
mkdir_p='$(MKDIR_P)'
oldincludedir='/usr/include'
pdfdir='${docdir}'
prefix='/usr/local'
program_transform_name='s,x,x,'
psdir='${docdir}'
runstatedir='${localstatedir}/run'
sbindir='${exec_prefix}/sbin'
sharedstatedir='${prefix}/com'
sysconfdir='${prefix}/etc'
target_alias=''

## ----------- ##
## confdefs.h. ##
## ----------- ##

/* confdefs.h */
#define PACKAGE_NAME "softsusy"
#define PACKAGE_TARNAME "softsusy"
#define PACKAGE_VERSION "4.1.4"
#define PACKAGE_STRING "softsusy 4.1.4"
#define PACKAGE_BUGREPORT "softsusy@projects.hepforge.org"
#define PACKAGE_URL "http://softsusy.hepforge.org/"
#define PACKAGE "softsusy"
#define VERSION "4.1.4"
#define STDC_HEADERS 1
#define HAVE_SYS_TYPES_H 1
#define HAVE_SYS_STAT_H 1
#define HAVE_STDLIB_H 1
#define HAVE_STRING_H 1
#define HAVE_MEMORY_H 1
#define HAVE_STRINGS_H 1
#define HAVE_INTTYPES_H 1
#define HAVE_STDINT_H 1
#define HAVE_UNISTD_H 1
#define HAVE_DLFCN_H 1
#define LT_OBJDIR ".libs/"
#define COMPILE_TWO_LOOP_GAUGE_YUKAWA 1

configure: exit 0
